2025-09-24 06:56:13,313 [INFO] __main__: Starting datastore monitor...
2025-09-24 06:56:13,314 [INFO] __main__: Config: Critical=90%, Warning=80%, Interval=3600s
2025-09-24 06:56:13,314 [INFO] __main__: Refreshing token (attempt 1)
2025-09-24 06:56:14,061 [INFO] __main__: Token refreshed successfully (expires in 86400s)
2025-09-24 06:56:14,134 [INFO] __main__: Retrieved 10 datastores
2025-09-24 06:56:15,371 [INFO] __main__: Checked 10 datastores, sent 4 alerts
2025-09-24 07:56:15,516 [WARNING] __main__: 401 error, will retry with fresh token
2025-09-24 07:56:15,516 [INFO] __main__: Refreshing token (attempt 1)
2025-09-24 07:56:15,889 [INFO] __main__: Token refreshed successfully (expires in 86400s)
2025-09-24 07:56:15,931 [INFO] __main__: Retrieved 10 datastores
2025-09-24 07:56:15,931 [INFO] __main__: Checked 10 datastores, sent 0 alerts
2025-09-24 08:56:16,055 [WARNING] __main__: 401 error, will retry with fresh token
2025-09-24 08:56:16,055 [INFO] __main__: Refreshing token (attempt 1)
2025-09-24 08:56:16,486 [INFO] __main__: Token refreshed successfully (expires in 86400s)
2025-09-24 08:56:16,555 [INFO] __main__: Retrieved 10 datastores
2025-09-24 08:56:17,773 [INFO] __main__: Checked 10 datastores, sent 4 alerts
2025-09-24 09:56:17,911 [WARNING] __main__: 401 error, will retry with fresh token
2025-09-24 09:56:17,911 [INFO] __main__: Refreshing token (attempt 1)
2025-09-24 09:56:18,173 [INFO] __main__: Token refreshed successfully (expires in 86400s)
2025-09-24 09:56:18,217 [INFO] __main__: Retrieved 10 datastores
2025-09-24 09:56:18,217 [INFO] __main__: Checked 10 datastores, sent 0 alerts
2025-09-24 09:56:18,262 [INFO] __main__: Retrieved 10 datastores
2025-09-24 09:56:18,866 [INFO] __main__: Daily report sent
2025-09-24 10:56:19,009 [WARNING] __main__: 401 error, will retry with fresh token
2025-09-24 10:56:19,009 [INFO] __main__: Refreshing token (attempt 1)
2025-09-24 10:56:19,427 [INFO] __main__: Token refreshed successfully (expires in 86400s)
2025-09-24 10:56:19,469 [INFO] __main__: Retrieved 10 datastores
2025-09-24 10:56:20,793 [INFO] __main__: Checked 10 datastores, sent 4 alerts
2025-09-24 11:56:20,875 [WARNING] __main__: 401 error, will retry with fresh token
2025-09-24 11:56:20,875 [INFO] __main__: Refreshing token (attempt 1)
2025-09-24 11:56:21,249 [INFO] __main__: Token refreshed successfully (expires in 86400s)
2025-09-24 11:56:21,311 [INFO] __main__: Retrieved 10 datastores
2025-09-24 11:56:21,312 [INFO] __main__: Checked 10 datastores, sent 0 alerts
2025-09-24 12:56:21,446 [WARNING] __main__: 401 error, will retry with fresh token
2025-09-24 12:56:21,446 [INFO] __main__: Refreshing token (attempt 1)
2025-09-24 12:56:21,753 [INFO] __main__: Token refreshed successfully (expires in 86400s)
2025-09-24 12:56:21,797 [INFO] __main__: Retrieved 10 datastores
2025-09-24 12:56:22,941 [INFO] __main__: Checked 10 datastores, sent 4 alerts
2025-09-24 13:56:23,074 [WARNING] __main__: 401 error, will retry with fresh token
2025-09-24 13:56:23,074 [INFO] __main__: Refreshing token (attempt 1)
2025-09-24 13:56:23,350 [INFO] __main__: Token refreshed successfully (expires in 86400s)
2025-09-24 13:56:23,391 [INFO] __main__: Retrieved 10 datastores
2025-09-24 13:56:23,392 [INFO] __main__: Checked 10 datastores, sent 0 alerts
2025-09-24 14:56:23,446 [WARNING] __main__: 401 error, will retry with fresh token
2025-09-24 14:56:23,447 [INFO] __main__: Refreshing token (attempt 1)
2025-09-24 14:56:23,709 [INFO] __main__: Token refreshed successfully (expires in 86400s)
2025-09-24 14:56:23,756 [INFO] __main__: Retrieved 10 datastores
2025-09-24 14:56:25,000 [INFO] __main__: Checked 10 datastores, sent 4 alerts
2025-09-24 15:56:25,062 [WARNING] __main__: 401 error, will retry with fresh token
2025-09-24 15:56:25,063 [INFO] __main__: Refreshing token (attempt 1)
2025-09-24 15:56:25,279 [INFO] __main__: Token refreshed successfully (expires in 86400s)
2025-09-24 15:56:25,337 [INFO] __main__: Retrieved 10 datastores
2025-09-24 15:56:25,338 [INFO] __main__: Checked 10 datastores, sent 0 alerts
2025-09-24 16:56:25,482 [WARNING] __main__: 401 error, will retry with fresh token
2025-09-24 16:56:25,482 [INFO] __main__: Refreshing token (attempt 1)
2025-09-24 16:56:25,739 [INFO] __main__: Token refreshed successfully (expires in 86400s)
2025-09-24 16:56:25,789 [INFO] __main__: Retrieved 10 datastores
2025-09-24 16:56:27,074 [INFO] __main__: Checked 10 datastores, sent 4 alerts
2025-09-24 17:56:27,211 [WARNING] __main__: 401 error, will retry with fresh token
2025-09-24 17:56:27,211 [INFO] __main__: Refreshing token (attempt 1)
2025-09-24 17:56:27,567 [INFO] __main__: Token refreshed successfully (expires in 86400s)
2025-09-24 17:56:27,599 [INFO] __main__: Retrieved 10 datastores
2025-09-24 17:56:27,600 [INFO] __main__: Checked 10 datastores, sent 0 alerts
2025-09-24 18:56:27,787 [WARNING] __main__: 401 error, will retry with fresh token
2025-09-24 18:56:27,787 [INFO] __main__: Refreshing token (attempt 1)
2025-09-24 18:56:28,047 [INFO] __main__: Token refreshed successfully (expires in 86400s)
2025-09-24 18:56:28,088 [INFO] __main__: Retrieved 10 datastores
2025-09-24 18:56:29,273 [INFO] __main__: Checked 10 datastores, sent 4 alerts
2025-09-24 19:56:29,481 [WARNING] __main__: 401 error, will retry with fresh token
2025-09-24 19:56:29,481 [INFO] __main__: Refreshing token (attempt 1)
2025-09-24 19:56:29,899 [INFO] __main__: Token refreshed successfully (expires in 86400s)
2025-09-24 19:56:29,936 [INFO] __main__: Retrieved 10 datastores
2025-09-24 19:56:29,936 [INFO] __main__: Checked 10 datastores, sent 0 alerts
2025-09-24 20:56:30,115 [WARNING] __main__: 401 error, will retry with fresh token
2025-09-24 20:56:30,115 [INFO] __main__: Refreshing token (attempt 1)
2025-09-24 20:56:30,596 [INFO] __main__: Token refreshed successfully (expires in 86400s)
2025-09-24 20:56:30,643 [INFO] __main__: Retrieved 10 datastores
2025-09-24 20:56:31,868 [INFO] __main__: Checked 10 datastores, sent 4 alerts
2025-09-24 21:56:32,011 [WARNING] __main__: 401 error, will retry with fresh token
2025-09-24 21:56:32,012 [INFO] __main__: Refreshing token (attempt 1)
2025-09-24 21:56:32,307 [INFO] __main__: Token refreshed successfully (expires in 86400s)
2025-09-24 21:56:32,346 [INFO] __main__: Retrieved 10 datastores
2025-09-24 21:56:32,346 [INFO] __main__: Checked 10 datastores, sent 0 alerts
2025-09-24 22:56:32,534 [WARNING] __main__: 401 error, will retry with fresh token
2025-09-24 22:56:32,534 [INFO] __main__: Refreshing token (attempt 1)
2025-09-24 22:56:32,973 [INFO] __main__: Token refreshed successfully (expires in 86400s)
2025-09-24 22:56:33,002 [INFO] __main__: Retrieved 10 datastores
2025-09-24 22:56:34,285 [INFO] __main__: Checked 10 datastores, sent 4 alerts
2025-09-24 23:56:34,419 [WARNING] __main__: 401 error, will retry with fresh token
2025-09-24 23:56:34,419 [INFO] __main__: Refreshing token (attempt 1)
2025-09-24 23:56:34,799 [INFO] __main__: Token refreshed successfully (expires in 86400s)
2025-09-24 23:56:34,852 [INFO] __main__: Retrieved 10 datastores
2025-09-24 23:56:34,852 [INFO] __main__: Checked 10 datastores, sent 0 alerts
2025-09-25 00:56:35,050 [WARNING] __main__: 401 error, will retry with fresh token
2025-09-25 00:56:35,050 [INFO] __main__: Refreshing token (attempt 1)
2025-09-25 00:56:35,497 [INFO] __main__: Token refreshed successfully (expires in 86400s)
2025-09-25 00:56:35,545 [INFO] __main__: Retrieved 10 datastores
2025-09-25 00:56:37,222 [INFO] __main__: Checked 10 datastores, sent 4 alerts
2025-09-25 01:56:37,422 [WARNING] __main__: 401 error, will retry with fresh token
2025-09-25 01:56:37,423 [INFO] __main__: Refreshing token (attempt 1)
2025-09-25 01:56:37,702 [INFO] __main__: Token refreshed successfully (expires in 86400s)
2025-09-25 01:56:37,769 [INFO] __main__: Retrieved 10 datastores
2025-09-25 01:56:37,769 [INFO] __main__: Checked 10 datastores, sent 0 alerts
2025-09-25 02:56:37,979 [WARNING] __main__: 401 error, will retry with fresh token
2025-09-25 02:56:37,979 [INFO] __main__: Refreshing token (attempt 1)
2025-09-25 02:56:38,229 [INFO] __main__: Token refreshed successfully (expires in 86400s)
2025-09-25 02:56:38,259 [INFO] __main__: Retrieved 10 datastores
2025-09-25 02:56:39,624 [INFO] __main__: Checked 10 datastores, sent 4 alerts
2025-09-25 03:56:39,774 [WARNING] __main__: 401 error, will retry with fresh token
2025-09-25 03:56:39,774 [INFO] __main__: Refreshing token (attempt 1)
2025-09-25 03:56:40,437 [INFO] __main__: Token refreshed successfully (expires in 86400s)
2025-09-25 03:56:40,486 [INFO] __main__: Retrieved 10 datastores
2025-09-25 03:56:40,487 [INFO] __main__: Checked 10 datastores, sent 0 alerts
2025-09-25 04:56:40,647 [WARNING] __main__: 401 error, will retry with fresh token
2025-09-25 04:56:40,647 [INFO] __main__: Refreshing token (attempt 1)
2025-09-25 04:56:40,930 [INFO] __main__: Token refreshed successfully (expires in 86400s)
2025-09-25 04:56:40,978 [INFO] __main__: Retrieved 10 datastores
2025-09-25 04:56:42,227 [INFO] __main__: Checked 10 datastores, sent 4 alerts
2025-09-25 05:56:42,342 [WARNING] __main__: 401 error, will retry with fresh token
2025-09-25 05:56:42,342 [INFO] __main__: Refreshing token (attempt 1)
2025-09-25 05:56:42,678 [INFO] __main__: Token refreshed successfully (expires in 86400s)
2025-09-25 05:56:42,716 [INFO] __main__: Retrieved 10 datastores
2025-09-25 05:56:42,717 [INFO] __main__: Checked 10 datastores, sent 0 alerts
2025-09-25 06:56:42,855 [WARNING] __main__: 401 error, will retry with fresh token
2025-09-25 06:56:42,855 [INFO] __main__: Refreshing token (attempt 1)
2025-09-25 06:56:43,166 [INFO] __main__: Token refreshed successfully (expires in 86400s)
2025-09-25 06:56:43,192 [INFO] __main__: Retrieved 10 datastores
2025-09-25 06:56:44,299 [INFO] __main__: Checked 10 datastores, sent 4 alerts
2025-09-25 07:56:44,379 [WARNING] __main__: 401 error, will retry with fresh token
2025-09-25 07:56:44,380 [INFO] __main__: Refreshing token (attempt 1)
2025-09-25 07:56:44,731 [INFO] __main__: Token refreshed successfully (expires in 86400s)
2025-09-25 07:56:44,781 [INFO] __main__: Retrieved 10 datastores
2025-09-25 07:56:44,781 [INFO] __main__: Checked 10 datastores, sent 0 alerts
2025-09-25 08:56:44,969 [WARNING] __main__: 401 error, will retry with fresh token
2025-09-25 08:56:44,969 [INFO] __main__: Refreshing token (attempt 1)
2025-09-25 08:56:45,734 [INFO] __main__: Token refreshed successfully (expires in 86400s)
2025-09-25 08:56:45,777 [INFO] __main__: Retrieved 10 datastores
2025-09-25 08:56:47,066 [INFO] __main__: Checked 10 datastores, sent 4 alerts
2025-09-25 09:56:47,202 [WARNING] __main__: 401 error, will retry with fresh token
2025-09-25 09:56:47,203 [INFO] __main__: Refreshing token (attempt 1)
2025-09-25 09:56:47,465 [INFO] __main__: Token refreshed successfully (expires in 86400s)
2025-09-25 09:56:47,516 [INFO] __main__: Retrieved 10 datastores
2025-09-25 09:56:47,516 [INFO] __main__: Checked 10 datastores, sent 0 alerts
2025-09-25 09:56:47,568 [INFO] __main__: Retrieved 10 datastores
2025-09-25 09:57:07,570 [INFO] __main__: Daily report sent
2025-09-25 10:57:07,705 [WARNING] __main__: 401 error, will retry with fresh token
2025-09-25 10:57:07,705 [INFO] __main__: Refreshing token (attempt 1)
2025-09-25 10:57:07,962 [INFO] __main__: Token refreshed successfully (expires in 86400s)
2025-09-25 10:57:07,990 [INFO] __main__: Retrieved 10 datastores
2025-09-25 10:57:13,495 [INFO] __main__: Checked 10 datastores, sent 4 alerts
2025-09-25 11:57:13,606 [WARNING] __main__: 401 error, will retry with fresh token
2025-09-25 11:57:13,606 [INFO] __main__: Refreshing token (attempt 1)
2025-09-25 11:57:13,808 [INFO] __main__: Token refreshed successfully (expires in 86400s)
2025-09-25 11:57:13,838 [INFO] __main__: Retrieved 10 datastores
2025-09-25 11:57:13,838 [INFO] __main__: Checked 10 datastores, sent 0 alerts
2025-09-25 12:57:13,935 [WARNING] __main__: 401 error, will retry with fresh token
2025-09-25 12:57:13,935 [INFO] __main__: Refreshing token (attempt 1)
2025-09-25 12:57:14,131 [INFO] __main__: Token refreshed successfully (expires in 86400s)
2025-09-25 12:57:14,194 [INFO] __main__: Retrieved 10 datastores
2025-09-25 12:57:15,310 [INFO] __main__: Checked 10 datastores, sent 4 alerts
2025-09-25 13:57:15,409 [WARNING] __main__: 401 error, will retry with fresh token
2025-09-25 13:57:15,410 [INFO] __main__: Refreshing token (attempt 1)
2025-09-25 13:57:15,643 [INFO] __main__: Token refreshed successfully (expires in 86400s)
2025-09-25 13:57:15,687 [INFO] __main__: Retrieved 10 datastores
2025-09-25 13:57:15,688 [INFO] __main__: Checked 10 datastores, sent 0 alerts
2025-09-25 14:57:15,804 [WARNING] __main__: 401 error, will retry with fresh token
2025-09-25 14:57:15,805 [INFO] __main__: Refreshing token (attempt 1)
2025-09-25 14:57:16,034 [INFO] __main__: Token refreshed successfully (expires in 86400s)
2025-09-25 14:57:16,077 [INFO] __main__: Retrieved 10 datastores
2025-09-25 14:57:17,561 [INFO] __main__: Checked 10 datastores, sent 4 alerts
2025-09-25 15:57:17,627 [WARNING] __main__: 401 error, will retry with fresh token
2025-09-25 15:57:17,627 [INFO] __main__: Refreshing token (attempt 1)
2025-09-25 15:57:17,910 [INFO] __main__: Token refreshed successfully (expires in 86400s)
2025-09-25 15:57:17,939 [INFO] __main__: Retrieved 10 datastores
2025-09-25 15:57:17,939 [INFO] __main__: Checked 10 datastores, sent 0 alerts
2025-09-25 16:57:18,026 [WARNING] __main__: 401 error, will retry with fresh token
2025-09-25 16:57:18,027 [INFO] __main__: Refreshing token (attempt 1)
2025-09-25 16:57:18,301 [INFO] __main__: Token refreshed successfully (expires in 86400s)
2025-09-25 16:57:18,344 [INFO] __main__: Retrieved 10 datastores
2025-09-25 16:57:19,621 [INFO] __main__: Checked 10 datastores, sent 4 alerts
2025-09-25 17:57:19,721 [WARNING] __main__: 401 error, will retry with fresh token
2025-09-25 17:57:19,722 [INFO] __main__: Refreshing token (attempt 1)
2025-09-25 17:57:20,079 [INFO] __main__: Token refreshed successfully (expires in 86400s)
2025-09-25 17:57:20,272 [INFO] __main__: Retrieved 10 datastores
2025-09-25 17:57:20,273 [INFO] __main__: Checked 10 datastores, sent 0 alerts
2025-09-25 18:57:20,395 [WARNING] __main__: 401 error, will retry with fresh token
2025-09-25 18:57:20,395 [INFO] __main__: Refreshing token (attempt 1)
2025-09-25 18:57:20,717 [INFO] __main__: Token refreshed successfully (expires in 86400s)
2025-09-25 18:57:20,785 [INFO] __main__: Retrieved 10 datastores
2025-09-25 18:57:22,188 [INFO] __main__: Checked 10 datastores, sent 4 alerts
2025-09-25 19:57:22,420 [WARNING] __main__: 401 error, will retry with fresh token
2025-09-25 19:57:22,420 [INFO] __main__: Refreshing token (attempt 1)
2025-09-25 19:57:24,177 [INFO] __main__: Token refreshed successfully (expires in 86400s)
2025-09-25 19:57:24,216 [INFO] __main__: Retrieved 10 datastores
2025-09-25 19:57:24,217 [INFO] __main__: Checked 10 datastores, sent 0 alerts
2025-09-25 20:57:24,341 [WARNING] __main__: 401 error, will retry with fresh token
2025-09-25 20:57:24,342 [INFO] __main__: Refreshing token (attempt 1)
2025-09-25 20:57:24,639 [INFO] __main__: Token refreshed successfully (expires in 86400s)
2025-09-25 20:57:24,676 [INFO] __main__: Retrieved 10 datastores
2025-09-25 20:57:25,947 [INFO] __main__: Checked 10 datastores, sent 4 alerts
2025-09-25 21:57:25,997 [WARNING] __main__: 401 error, will retry with fresh token
2025-09-25 21:57:25,997 [INFO] __main__: Refreshing token (attempt 1)
2025-09-25 21:57:26,391 [INFO] __main__: Token refreshed successfully (expires in 86400s)
2025-09-25 21:57:26,428 [INFO] __main__: Retrieved 10 datastores
2025-09-25 21:57:26,429 [INFO] __main__: Checked 10 datastores, sent 0 alerts
2025-09-25 22:57:26,541 [WARNING] __main__: 401 error, will retry with fresh token
2025-09-25 22:57:26,542 [INFO] __main__: Refreshing token (attempt 1)
2025-09-25 22:57:26,934 [INFO] __main__: Token refreshed successfully (expires in 86400s)
2025-09-25 22:57:26,988 [INFO] __main__: Retrieved 10 datastores
2025-09-25 22:57:28,335 [INFO] __main__: Checked 10 datastores, sent 4 alerts
2025-09-25 23:57:28,476 [WARNING] __main__: 401 error, will retry with fresh token
2025-09-25 23:57:28,476 [INFO] __main__: Refreshing token (attempt 1)
2025-09-25 23:57:28,753 [INFO] __main__: Token refreshed successfully (expires in 86400s)
2025-09-25 23:57:28,796 [INFO] __main__: Retrieved 10 datastores
2025-09-25 23:57:28,797 [INFO] __main__: Checked 10 datastores, sent 0 alerts
2025-09-26 00:57:31,174 [ERROR] __main__: API request failed (attempt 1): Cannot connect to host vcd02.t-cloud.kz:443 ssl:default [Connect call failed ('10.10.1.18', 443)]
2025-09-26 00:57:36,180 [INFO] __main__: Refreshing token (attempt 1)
2025-09-26 00:57:40,174 [WARNING] __main__: Token refresh attempt 1 failed: HTTPSConnectionPool(host='vcd02.t-cloud.kz', port=443): Max retries exceeded with url: /oauth/provider/token?grant_type=refresh_token&refresh_token=bdBTm6zUxZ08Kzl51JcHUdpXuQw6443t (Caused by NewConnectionError('<urllib3.connection.HTTPSConnection object at 0x740f622f86b0>: Failed to establish a new connection: [Errno 113] No route to host'))
2025-09-26 00:57:45,180 [INFO] __main__: Refreshing token (attempt 2)
2025-09-26 00:57:48,174 [WARNING] __main__: Token refresh attempt 2 failed: HTTPSConnectionPool(host='vcd02.t-cloud.kz', port=443): Max retries exceeded with url: /oauth/provider/token?grant_type=refresh_token&refresh_token=bdBTm6zUxZ08Kzl51JcHUdpXuQw6443t (Caused by NewConnectionError('<urllib3.connection.HTTPSConnection object at 0x740f622f8560>: Failed to establish a new connection: [Errno 113] No route to host'))
2025-09-26 00:57:53,180 [INFO] __main__: Refreshing token (attempt 3)
2025-09-26 00:57:57,174 [WARNING] __main__: Token refresh attempt 3 failed: HTTPSConnectionPool(host='vcd02.t-cloud.kz', port=443): Max retries exceeded with url: /oauth/provider/token?grant_type=refresh_token&refresh_token=bdBTm6zUxZ08Kzl51JcHUdpXuQw6443t (Caused by NewConnectionError('<urllib3.connection.HTTPSConnection object at 0x740f622f8e00>: Failed to establish a new connection: [Errno 113] No route to host'))
2025-09-26 00:57:57,175 [ERROR] __main__: Error in datastore check: HTTPSConnectionPool(host='vcd02.t-cloud.kz', port=443): Max retries exceeded with url: /oauth/provider/token?grant_type=refresh_token&refresh_token=bdBTm6zUxZ08Kzl51JcHUdpXuQw6443t (Caused by NewConnectionError('<urllib3.connection.HTTPSConnection object at 0x740f622f8e00>: Failed to establish a new connection: [Errno 113] No route to host'))
2025-09-26 01:58:01,189 [ERROR] __main__: API request failed (attempt 1): Cannot connect to host vcd02.t-cloud.kz:443 ssl:default [Connect call failed ('10.10.1.18', 443)]
2025-09-26 01:58:06,194 [INFO] __main__: Refreshing token (attempt 1)
2025-09-26 01:58:09,189 [WARNING] __main__: Token refresh attempt 1 failed: HTTPSConnectionPool(host='vcd02.t-cloud.kz', port=443): Max retries exceeded with url: /oauth/provider/token?grant_type=refresh_token&refresh_token=bdBTm6zUxZ08Kzl51JcHUdpXuQw6443t (Caused by NewConnectionError('<urllib3.connection.HTTPSConnection object at 0x740f622fa660>: Failed to establish a new connection: [Errno 113] No route to host'))
2025-09-26 01:58:14,194 [INFO] __main__: Refreshing token (attempt 2)
2025-09-26 01:58:17,189 [WARNING] __main__: Token refresh attempt 2 failed: HTTPSConnectionPool(host='vcd02.t-cloud.kz', port=443): Max retries exceeded with url: /oauth/provider/token?grant_type=refresh_token&refresh_token=bdBTm6zUxZ08Kzl51JcHUdpXuQw6443t (Caused by NewConnectionError('<urllib3.connection.HTTPSConnection object at 0x740f622fae70>: Failed to establish a new connection: [Errno 113] No route to host'))
2025-09-26 01:58:22,195 [INFO] __main__: Refreshing token (attempt 3)
2025-09-26 01:58:25,189 [WARNING] __main__: Token refresh attempt 3 failed: HTTPSConnectionPool(host='vcd02.t-cloud.kz', port=443): Max retries exceeded with url: /oauth/provider/token?grant_type=refresh_token&refresh_token=bdBTm6zUxZ08Kzl51JcHUdpXuQw6443t (Caused by NewConnectionError('<urllib3.connection.HTTPSConnection object at 0x740f622fb6b0>: Failed to establish a new connection: [Errno 113] No route to host'))
2025-09-26 01:58:25,190 [ERROR] __main__: Error in datastore check: HTTPSConnectionPool(host='vcd02.t-cloud.kz', port=443): Max retries exceeded with url: /oauth/provider/token?grant_type=refresh_token&refresh_token=bdBTm6zUxZ08Kzl51JcHUdpXuQw6443t (Caused by NewConnectionError('<urllib3.connection.HTTPSConnection object at 0x740f622fb6b0>: Failed to establish a new connection: [Errno 113] No route to host'))
2025-09-26 02:58:25,350 [WARNING] __main__: 401 error, will retry with fresh token
2025-09-26 02:58:25,350 [INFO] __main__: Refreshing token (attempt 1)
2025-09-26 02:58:26,238 [INFO] __main__: Token refreshed successfully (expires in 86400s)
2025-09-26 02:58:26,352 [INFO] __main__: Retrieved 10 datastores
2025-09-26 02:58:27,515 [INFO] __main__: Checked 10 datastores, sent 4 alerts
2025-09-26 03:58:27,567 [ERROR] __main__: API request failed (attempt 1): Cannot connect to host vcd02.t-cloud.kz:443 ssl:default [Connect call failed ('10.10.1.18', 443)]
2025-09-26 03:58:32,573 [INFO] __main__: Refreshing token (attempt 1)
2025-09-26 03:58:32,712 [WARNING] __main__: Token refresh attempt 1 failed: HTTPSConnectionPool(host='vcd02.t-cloud.kz', port=443): Max retries exceeded with url: /oauth/provider/token?grant_type=refresh_token&refresh_token=bdBTm6zUxZ08Kzl51JcHUdpXuQw6443t (Caused by NewConnectionError('<urllib3.connection.HTTPSConnection object at 0x740f622fb2c0>: Failed to establish a new connection: [Errno 111] Connection refused'))
2025-09-26 03:58:37,718 [INFO] __main__: Refreshing token (attempt 2)
2025-09-26 03:58:37,722 [WARNING] __main__: Token refresh attempt 2 failed: HTTPSConnectionPool(host='vcd02.t-cloud.kz', port=443): Max retries exceeded with url: /oauth/provider/token?grant_type=refresh_token&refresh_token=bdBTm6zUxZ08Kzl51JcHUdpXuQw6443t (Caused by NewConnectionError('<urllib3.connection.HTTPSConnection object at 0x740f622fadb0>: Failed to establish a new connection: [Errno 111] Connection refused'))
2025-09-26 03:58:42,733 [INFO] __main__: Refreshing token (attempt 3)
2025-09-26 03:58:42,738 [WARNING] __main__: Token refresh attempt 3 failed: HTTPSConnectionPool(host='vcd02.t-cloud.kz', port=443): Max retries exceeded with url: /oauth/provider/token?grant_type=refresh_token&refresh_token=bdBTm6zUxZ08Kzl51JcHUdpXuQw6443t (Caused by NewConnectionError('<urllib3.connection.HTTPSConnection object at 0x740f622fa540>: Failed to establish a new connection: [Errno 111] Connection refused'))
2025-09-26 03:58:42,739 [ERROR] __main__: Error in datastore check: HTTPSConnectionPool(host='vcd02.t-cloud.kz', port=443): Max retries exceeded with url: /oauth/provider/token?grant_type=refresh_token&refresh_token=bdBTm6zUxZ08Kzl51JcHUdpXuQw6443t (Caused by NewConnectionError('<urllib3.connection.HTTPSConnection object at 0x740f622fa540>: Failed to establish a new connection: [Errno 111] Connection refused'))
2025-09-26 04:58:42,905 [WARNING] __main__: 401 error, will retry with fresh token
2025-09-26 04:58:42,905 [INFO] __main__: Refreshing token (attempt 1)
2025-09-26 04:58:43,205 [INFO] __main__: Token refreshed successfully (expires in 86400s)
2025-09-26 04:58:43,297 [INFO] __main__: Retrieved 10 datastores
2025-09-26 04:58:44,383 [INFO] __main__: Checked 10 datastores, sent 4 alerts
2025-09-26 05:58:44,544 [WARNING] __main__: 401 error, will retry with fresh token
2025-09-26 05:58:44,545 [INFO] __main__: Refreshing token (attempt 1)
2025-09-26 05:58:44,854 [INFO] __main__: Token refreshed successfully (expires in 86400s)
2025-09-26 05:58:44,921 [INFO] __main__: Retrieved 10 datastores
2025-09-26 05:58:44,922 [INFO] __main__: Checked 10 datastores, sent 0 alerts
2025-09-26 06:58:45,078 [WARNING] __main__: 401 error, will retry with fresh token
2025-09-26 06:58:45,079 [INFO] __main__: Refreshing token (attempt 1)
2025-09-26 06:58:45,432 [INFO] __main__: Token refreshed successfully (expires in 86400s)
2025-09-26 06:58:45,490 [INFO] __main__: Retrieved 10 datastores
2025-09-26 06:58:46,705 [INFO] __main__: Checked 10 datastores, sent 4 alerts
2025-09-26 07:58:46,840 [WARNING] __main__: 401 error, will retry with fresh token
2025-09-26 07:58:46,840 [INFO] __main__: Refreshing token (attempt 1)
2025-09-26 07:58:47,168 [INFO] __main__: Token refreshed successfully (expires in 86400s)
2025-09-26 07:58:47,241 [INFO] __main__: Retrieved 10 datastores
2025-09-26 07:58:47,242 [INFO] __main__: Checked 10 datastores, sent 0 alerts
2025-09-26 08:58:47,370 [WARNING] __main__: 401 error, will retry with fresh token
2025-09-26 08:58:47,370 [INFO] __main__: Refreshing token (attempt 1)
2025-09-26 08:58:47,636 [INFO] __main__: Token refreshed successfully (expires in 86400s)
2025-09-26 08:58:47,675 [INFO] __main__: Retrieved 10 datastores
2025-09-26 08:58:48,832 [INFO] __main__: Checked 10 datastores, sent 4 alerts
2025-09-26 09:58:48,961 [WARNING] __main__: 401 error, will retry with fresh token
2025-09-26 09:58:48,961 [INFO] __main__: Refreshing token (attempt 1)
2025-09-26 09:58:49,210 [INFO] __main__: Token refreshed successfully (expires in 86400s)
2025-09-26 09:58:49,277 [INFO] __main__: Retrieved 10 datastores
2025-09-26 09:58:49,277 [INFO] __main__: Checked 10 datastores, sent 0 alerts
2025-09-26 09:58:49,332 [INFO] __main__: Retrieved 10 datastores
2025-09-26 09:58:49,749 [INFO] __main__: Daily report sent
2025-09-26 10:58:49,849 [WARNING] __main__: 401 error, will retry with fresh token
2025-09-26 10:58:49,849 [INFO] __main__: Refreshing token (attempt 1)
2025-09-26 10:58:50,112 [INFO] __main__: Token refreshed successfully (expires in 86400s)
2025-09-26 10:58:50,166 [INFO] __main__: Retrieved 10 datastores
2025-09-26 10:58:51,502 [INFO] __main__: Checked 10 datastores, sent 4 alerts
2025-09-26 11:58:51,645 [WARNING] __main__: 401 error, will retry with fresh token
2025-09-26 11:58:51,646 [INFO] __main__: Refreshing token (attempt 1)
2025-09-26 11:58:51,946 [INFO] __main__: Token refreshed successfully (expires in 86400s)
2025-09-26 11:58:51,991 [INFO] __main__: Retrieved 10 datastores
2025-09-26 11:58:51,992 [INFO] __main__: Checked 10 datastores, sent 0 alerts
2025-09-26 12:58:52,140 [WARNING] __main__: 401 error, will retry with fresh token
2025-09-26 12:58:52,140 [INFO] __main__: Refreshing token (attempt 1)
2025-09-26 12:58:52,393 [INFO] __main__: Token refreshed successfully (expires in 86400s)
2025-09-26 12:58:52,431 [INFO] __main__: Retrieved 10 datastores
2025-09-26 12:58:53,584 [INFO] __main__: Checked 10 datastores, sent 4 alerts
2025-09-26 13:58:53,717 [WARNING] __main__: 401 error, will retry with fresh token
2025-09-26 13:58:53,718 [INFO] __main__: Refreshing token (attempt 1)
2025-09-26 13:58:53,990 [INFO] __main__: Token refreshed successfully (expires in 86400s)
2025-09-26 13:58:54,048 [INFO] __main__: Retrieved 10 datastores
2025-09-26 13:58:54,048 [INFO] __main__: Checked 10 datastores, sent 0 alerts
2025-09-26 14:58:54,160 [WARNING] __main__: 401 error, will retry with fresh token
2025-09-26 14:58:54,160 [INFO] __main__: Refreshing token (attempt 1)
2025-09-26 14:58:54,452 [INFO] __main__: Token refreshed successfully (expires in 86400s)
2025-09-26 14:58:54,497 [INFO] __main__: Retrieved 10 datastores
2025-09-26 14:58:55,704 [INFO] __main__: Checked 10 datastores, sent 4 alerts
2025-09-26 15:58:55,807 [WARNING] __main__: 401 error, will retry with fresh token
2025-09-26 15:58:55,807 [INFO] __main__: Refreshing token (attempt 1)
2025-09-26 15:58:56,066 [INFO] __main__: Token refreshed successfully (expires in 86400s)
2025-09-26 15:58:56,114 [INFO] __main__: Retrieved 10 datastores
2025-09-26 15:58:56,114 [INFO] __main__: Checked 10 datastores, sent 0 alerts
2025-09-26 16:58:56,213 [WARNING] __main__: 401 error, will retry with fresh token
2025-09-26 16:58:56,213 [INFO] __main__: Refreshing token (attempt 1)
2025-09-26 16:58:56,471 [INFO] __main__: Token refreshed successfully (expires in 86400s)
2025-09-26 16:58:56,514 [INFO] __main__: Retrieved 10 datastores
2025-09-26 16:58:58,021 [INFO] __main__: Checked 10 datastores, sent 4 alerts
2025-09-26 17:58:58,118 [WARNING] __main__: 401 error, will retry with fresh token
2025-09-26 17:58:58,119 [INFO] __main__: Refreshing token (attempt 1)
2025-09-26 17:58:58,686 [INFO] __main__: Token refreshed successfully (expires in 86400s)
2025-09-26 17:58:58,722 [INFO] __main__: Retrieved 10 datastores
2025-09-26 17:58:58,723 [INFO] __main__: Checked 10 datastores, sent 0 alerts
2025-09-26 18:58:58,856 [WARNING] __main__: 401 error, will retry with fresh token
2025-09-26 18:58:58,856 [INFO] __main__: Refreshing token (attempt 1)
2025-09-26 18:58:59,114 [INFO] __main__: Token refreshed successfully (expires in 86400s)
2025-09-26 18:58:59,161 [INFO] __main__: Retrieved 10 datastores
2025-09-26 18:59:00,518 [INFO] __main__: Checked 10 datastores, sent 4 alerts
2025-09-26 19:59:00,638 [WARNING] __main__: 401 error, will retry with fresh token
2025-09-26 19:59:00,638 [INFO] __main__: Refreshing token (attempt 1)
2025-09-26 19:59:00,967 [INFO] __main__: Token refreshed successfully (expires in 86400s)
2025-09-26 19:59:01,017 [INFO] __main__: Retrieved 10 datastores
2025-09-26 19:59:01,018 [INFO] __main__: Checked 10 datastores, sent 0 alerts
2025-09-26 20:59:01,139 [WARNING] __main__: 401 error, will retry with fresh token
2025-09-26 20:59:01,139 [INFO] __main__: Refreshing token (attempt 1)
2025-09-26 20:59:01,413 [INFO] __main__: Token refreshed successfully (expires in 86400s)
2025-09-26 20:59:01,458 [INFO] __main__: Retrieved 10 datastores
2025-09-26 20:59:02,627 [INFO] __main__: Checked 10 datastores, sent 4 alerts
2025-09-26 21:59:02,780 [WARNING] __main__: 401 error, will retry with fresh token
2025-09-26 21:59:02,780 [INFO] __main__: Refreshing token (attempt 1)
2025-09-26 21:59:03,035 [INFO] __main__: Token refreshed successfully (expires in 86400s)
2025-09-26 21:59:03,074 [INFO] __main__: Retrieved 10 datastores
2025-09-26 21:59:03,074 [INFO] __main__: Checked 10 datastores, sent 0 alerts
2025-09-26 22:59:03,226 [WARNING] __main__: 401 error, will retry with fresh token
2025-09-26 22:59:03,226 [INFO] __main__: Refreshing token (attempt 1)
2025-09-26 22:59:03,591 [INFO] __main__: Token refreshed successfully (expires in 86400s)
2025-09-26 22:59:03,639 [INFO] __main__: Retrieved 10 datastores
2025-09-26 22:59:05,159 [INFO] __main__: Checked 10 datastores, sent 4 alerts
2025-09-26 23:59:05,260 [WARNING] __main__: 401 error, will retry with fresh token
2025-09-26 23:59:05,260 [INFO] __main__: Refreshing token (attempt 1)
2025-09-26 23:59:05,638 [INFO] __main__: Token refreshed successfully (expires in 86400s)
2025-09-26 23:59:05,676 [INFO] __main__: Retrieved 10 datastores
2025-09-26 23:59:05,676 [INFO] __main__: Checked 10 datastores, sent 0 alerts
2025-09-27 00:59:05,803 [WARNING] __main__: 401 error, will retry with fresh token
2025-09-27 00:59:05,804 [INFO] __main__: Refreshing token (attempt 1)
2025-09-27 00:59:06,047 [INFO] __main__: Token refreshed successfully (expires in 86400s)
2025-09-27 00:59:06,095 [INFO] __main__: Retrieved 10 datastores
2025-09-27 00:59:07,298 [INFO] __main__: Checked 10 datastores, sent 4 alerts
2025-09-27 01:59:07,552 [WARNING] __main__: 401 error, will retry with fresh token
2025-09-27 01:59:07,552 [INFO] __main__: Refreshing token (attempt 1)
2025-09-27 01:59:07,797 [INFO] __main__: Token refreshed successfully (expires in 86400s)
2025-09-27 01:59:07,832 [INFO] __main__: Retrieved 10 datastores
2025-09-27 01:59:07,833 [INFO] __main__: Checked 10 datastores, sent 0 alerts
2025-09-27 02:59:07,925 [WARNING] __main__: 401 error, will retry with fresh token
2025-09-27 02:59:07,926 [INFO] __main__: Refreshing token (attempt 1)
2025-09-27 02:59:08,221 [INFO] __main__: Token refreshed successfully (expires in 86400s)
2025-09-27 02:59:08,259 [INFO] __main__: Retrieved 10 datastores
2025-09-27 02:59:09,436 [INFO] __main__: Checked 10 datastores, sent 4 alerts
2025-09-27 03:59:09,550 [WARNING] __main__: 401 error, will retry with fresh token
2025-09-27 03:59:09,551 [INFO] __main__: Refreshing token (attempt 1)
2025-09-27 03:59:09,810 [INFO] __main__: Token refreshed successfully (expires in 86400s)
2025-09-27 03:59:09,844 [INFO] __main__: Retrieved 10 datastores
2025-09-27 03:59:09,845 [INFO] __main__: Checked 10 datastores, sent 0 alerts
2025-09-27 04:59:09,946 [WARNING] __main__: 401 error, will retry with fresh token
2025-09-27 04:59:09,946 [INFO] __main__: Refreshing token (attempt 1)
2025-09-27 04:59:10,181 [INFO] __main__: Token refreshed successfully (expires in 86400s)
2025-09-27 04:59:10,215 [INFO] __main__: Retrieved 10 datastores
2025-09-27 04:59:11,331 [INFO] __main__: Checked 10 datastores, sent 4 alerts
2025-09-27 05:59:11,479 [WARNING] __main__: 401 error, will retry with fresh token
2025-09-27 05:59:11,479 [INFO] __main__: Refreshing token (attempt 1)
2025-09-27 05:59:11,778 [INFO] __main__: Token refreshed successfully (expires in 86400s)
2025-09-27 05:59:11,808 [INFO] __main__: Retrieved 10 datastores
2025-09-27 05:59:11,809 [INFO] __main__: Checked 10 datastores, sent 0 alerts
2025-09-27 06:59:11,955 [WARNING] __main__: 401 error, will retry with fresh token
2025-09-27 06:59:11,955 [INFO] __main__: Refreshing token (attempt 1)
2025-09-27 06:59:12,291 [INFO] __main__: Token refreshed successfully (expires in 86400s)
2025-09-27 06:59:12,325 [INFO] __main__: Retrieved 10 datastores
2025-09-27 06:59:13,474 [INFO] __main__: Checked 10 datastores, sent 4 alerts
2025-09-27 07:59:13,609 [WARNING] __main__: 401 error, will retry with fresh token
2025-09-27 07:59:13,609 [INFO] __main__: Refreshing token (attempt 1)
2025-09-27 07:59:13,868 [INFO] __main__: Token refreshed successfully (expires in 86400s)
2025-09-27 07:59:13,903 [INFO] __main__: Retrieved 10 datastores
2025-09-27 07:59:13,904 [INFO] __main__: Checked 10 datastores, sent 0 alerts
2025-09-27 08:59:14,055 [WARNING] __main__: 401 error, will retry with fresh token
2025-09-27 08:59:14,056 [INFO] __main__: Refreshing token (attempt 1)
2025-09-27 08:59:14,319 [INFO] __main__: Token refreshed successfully (expires in 86400s)
2025-09-27 08:59:14,361 [INFO] __main__: Retrieved 10 datastores
2025-09-27 08:59:15,579 [INFO] __main__: Checked 10 datastores, sent 4 alerts
2025-09-27 09:59:15,701 [WARNING] __main__: 401 error, will retry with fresh token
2025-09-27 09:59:15,701 [INFO] __main__: Refreshing token (attempt 1)
2025-09-27 09:59:15,970 [INFO] __main__: Token refreshed successfully (expires in 86400s)
2025-09-27 09:59:16,018 [INFO] __main__: Retrieved 10 datastores
2025-09-27 09:59:16,019 [INFO] __main__: Checked 10 datastores, sent 0 alerts
2025-09-27 09:59:16,074 [INFO] __main__: Retrieved 10 datastores
2025-09-27 09:59:16,637 [INFO] __main__: Daily report sent
2025-09-27 10:59:16,722 [WARNING] __main__: 401 error, will retry with fresh token
2025-09-27 10:59:16,722 [INFO] __main__: Refreshing token (attempt 1)
2025-09-27 10:59:17,068 [INFO] __main__: Token refreshed successfully (expires in 86400s)
2025-09-27 10:59:17,107 [INFO] __main__: Retrieved 10 datastores
2025-09-27 10:59:18,379 [INFO] __main__: Checked 10 datastores, sent 4 alerts
2025-09-27 11:59:18,526 [WARNING] __main__: 401 error, will retry with fresh token
2025-09-27 11:59:18,526 [INFO] __main__: Refreshing token (attempt 1)
2025-09-27 11:59:18,778 [INFO] __main__: Token refreshed successfully (expires in 86400s)
2025-09-27 11:59:18,826 [INFO] __main__: Retrieved 10 datastores
2025-09-27 11:59:18,827 [INFO] __main__: Checked 10 datastores, sent 0 alerts
2025-09-27 12:59:18,906 [WARNING] __main__: 401 error, will retry with fresh token
2025-09-27 12:59:18,907 [INFO] __main__: Refreshing token (attempt 1)
2025-09-27 12:59:19,262 [INFO] __main__: Token refreshed successfully (expires in 86400s)
2025-09-27 12:59:19,306 [INFO] __main__: Retrieved 10 datastores
2025-09-27 12:59:20,616 [INFO] __main__: Checked 10 datastores, sent 4 alerts
2025-09-27 13:59:20,740 [WARNING] __main__: 401 error, will retry with fresh token
2025-09-27 13:59:20,740 [INFO] __main__: Refreshing token (attempt 1)
2025-09-27 13:59:21,042 [INFO] __main__: Token refreshed successfully (expires in 86400s)
2025-09-27 13:59:21,078 [INFO] __main__: Retrieved 10 datastores
2025-09-27 13:59:21,079 [INFO] __main__: Checked 10 datastores, sent 0 alerts
2025-09-27 14:59:21,166 [WARNING] __main__: 401 error, will retry with fresh token
2025-09-27 14:59:21,166 [INFO] __main__: Refreshing token (attempt 1)
2025-09-27 14:59:21,408 [INFO] __main__: Token refreshed successfully (expires in 86400s)
2025-09-27 14:59:21,444 [INFO] __main__: Retrieved 10 datastores
2025-09-27 14:59:23,094 [INFO] __main__: Checked 10 datastores, sent 4 alerts
2025-09-27 15:59:23,240 [WARNING] __main__: 401 error, will retry with fresh token
2025-09-27 15:59:23,240 [INFO] __main__: Refreshing token (attempt 1)
2025-09-27 15:59:23,481 [INFO] __main__: Token refreshed successfully (expires in 86400s)
2025-09-27 15:59:23,521 [INFO] __main__: Retrieved 10 datastores
2025-09-27 15:59:23,521 [INFO] __main__: Checked 10 datastores, sent 0 alerts
2025-09-27 16:59:23,665 [WARNING] __main__: 401 error, will retry with fresh token
2025-09-27 16:59:23,665 [INFO] __main__: Refreshing token (attempt 1)
2025-09-27 16:59:23,996 [INFO] __main__: Token refreshed successfully (expires in 86400s)
2025-09-27 16:59:24,046 [INFO] __main__: Retrieved 10 datastores
2025-09-27 16:59:25,545 [INFO] __main__: Checked 10 datastores, sent 4 alerts
2025-09-27 17:59:25,733 [WARNING] __main__: 401 error, will retry with fresh token
2025-09-27 17:59:25,733 [INFO] __main__: Refreshing token (attempt 1)
2025-09-27 17:59:25,977 [INFO] __main__: Token refreshed successfully (expires in 86400s)
2025-09-27 17:59:26,010 [INFO] __main__: Retrieved 10 datastores
2025-09-27 17:59:26,010 [INFO] __main__: Checked 10 datastores, sent 0 alerts
2025-09-27 18:59:26,198 [WARNING] __main__: 401 error, will retry with fresh token
2025-09-27 18:59:26,198 [INFO] __main__: Refreshing token (attempt 1)
2025-09-27 18:59:26,516 [INFO] __main__: Token refreshed successfully (expires in 86400s)
2025-09-27 18:59:26,553 [INFO] __main__: Retrieved 10 datastores
2025-09-27 18:59:27,811 [INFO] __main__: Checked 10 datastores, sent 4 alerts
2025-09-27 19:59:33,080 [WARNING] __main__: 401 error, will retry with fresh token
2025-09-27 19:59:33,081 [INFO] __main__: Refreshing token (attempt 1)
2025-09-27 19:59:38,511 [INFO] __main__: Token refreshed successfully (expires in 86400s)
2025-09-27 19:59:38,545 [INFO] __main__: Retrieved 10 datastores
2025-09-27 19:59:38,546 [INFO] __main__: Checked 10 datastores, sent 0 alerts
2025-09-27 20:59:38,649 [WARNING] __main__: 401 error, will retry with fresh token
2025-09-27 20:59:38,650 [INFO] __main__: Refreshing token (attempt 1)
2025-09-27 20:59:39,377 [INFO] __main__: Token refreshed successfully (expires in 86400s)
2025-09-27 20:59:39,425 [INFO] __main__: Retrieved 10 datastores
2025-09-27 20:59:40,777 [INFO] __main__: Checked 10 datastores, sent 4 alerts
2025-09-27 21:59:40,924 [WARNING] __main__: 401 error, will retry with fresh token
2025-09-27 21:59:40,925 [INFO] __main__: Refreshing token (attempt 1)
2025-09-27 21:59:41,154 [INFO] __main__: Token refreshed successfully (expires in 86400s)
2025-09-27 21:59:41,199 [INFO] __main__: Retrieved 10 datastores
2025-09-27 21:59:41,199 [INFO] __main__: Checked 10 datastores, sent 0 alerts
2025-09-27 22:59:41,262 [WARNING] __main__: 401 error, will retry with fresh token
2025-09-27 22:59:41,263 [INFO] __main__: Refreshing token (attempt 1)
2025-09-27 22:59:41,615 [INFO] __main__: Token refreshed successfully (expires in 86400s)
2025-09-27 22:59:41,648 [INFO] __main__: Retrieved 10 datastores
2025-09-27 22:59:42,791 [INFO] __main__: Checked 10 datastores, sent 4 alerts
2025-09-27 23:59:42,885 [WARNING] __main__: 401 error, will retry with fresh token
2025-09-27 23:59:42,886 [INFO] __main__: Refreshing token (attempt 1)
2025-09-27 23:59:43,124 [INFO] __main__: Token refreshed successfully (expires in 86400s)
2025-09-27 23:59:43,162 [INFO] __main__: Retrieved 10 datastores
2025-09-27 23:59:43,162 [INFO] __main__: Checked 10 datastores, sent 0 alerts
2025-09-28 00:59:43,241 [WARNING] __main__: 401 error, will retry with fresh token
2025-09-28 00:59:43,241 [INFO] __main__: Refreshing token (attempt 1)
2025-09-28 00:59:43,672 [INFO] __main__: Token refreshed successfully (expires in 86400s)
2025-09-28 00:59:43,718 [INFO] __main__: Retrieved 10 datastores
2025-09-28 00:59:44,988 [INFO] __main__: Checked 10 datastores, sent 4 alerts
2025-09-28 01:59:45,046 [WARNING] __main__: 401 error, will retry with fresh token
2025-09-28 01:59:45,046 [INFO] __main__: Refreshing token (attempt 1)
2025-09-28 01:59:45,281 [INFO] __main__: Token refreshed successfully (expires in 86400s)
2025-09-28 01:59:45,323 [INFO] __main__: Retrieved 10 datastores
2025-09-28 01:59:45,324 [INFO] __main__: Checked 10 datastores, sent 0 alerts
2025-09-28 02:59:45,469 [WARNING] __main__: 401 error, will retry with fresh token
2025-09-28 02:59:45,469 [INFO] __main__: Refreshing token (attempt 1)
2025-09-28 02:59:45,797 [INFO] __main__: Token refreshed successfully (expires in 86400s)
2025-09-28 02:59:45,830 [INFO] __main__: Retrieved 10 datastores
2025-09-28 02:59:47,094 [INFO] __main__: Checked 10 datastores, sent 4 alerts
2025-09-28 03:59:47,234 [WARNING] __main__: 401 error, will retry with fresh token
2025-09-28 03:59:47,234 [INFO] __main__: Refreshing token (attempt 1)
2025-09-28 03:59:47,492 [INFO] __main__: Token refreshed successfully (expires in 86400s)
2025-09-28 03:59:47,537 [INFO] __main__: Retrieved 10 datastores
2025-09-28 03:59:47,538 [INFO] __main__: Checked 10 datastores, sent 0 alerts
2025-09-28 04:59:47,681 [WARNING] __main__: 401 error, will retry with fresh token
2025-09-28 04:59:47,681 [INFO] __main__: Refreshing token (attempt 1)
2025-09-28 04:59:47,997 [INFO] __main__: Token refreshed successfully (expires in 86400s)
2025-09-28 04:59:48,041 [INFO] __main__: Retrieved 10 datastores
2025-09-28 04:59:49,368 [INFO] __main__: Checked 10 datastores, sent 4 alerts
2025-09-28 05:59:49,513 [WARNING] __main__: 401 error, will retry with fresh token
2025-09-28 05:59:49,513 [INFO] __main__: Refreshing token (attempt 1)
2025-09-28 05:59:49,802 [INFO] __main__: Token refreshed successfully (expires in 86400s)
2025-09-28 05:59:49,835 [INFO] __main__: Retrieved 10 datastores
2025-09-28 05:59:49,836 [INFO] __main__: Checked 10 datastores, sent 0 alerts
2025-09-28 06:59:49,971 [WARNING] __main__: 401 error, will retry with fresh token
2025-09-28 06:59:49,972 [INFO] __main__: Refreshing token (attempt 1)
2025-09-28 06:59:50,278 [INFO] __main__: Token refreshed successfully (expires in 86400s)
2025-09-28 06:59:50,334 [INFO] __main__: Retrieved 10 datastores
2025-09-28 06:59:51,442 [INFO] __main__: Checked 10 datastores, sent 4 alerts
2025-09-28 07:59:51,558 [WARNING] __main__: 401 error, will retry with fresh token
2025-09-28 07:59:51,559 [INFO] __main__: Refreshing token (attempt 1)
2025-09-28 07:59:51,848 [INFO] __main__: Token refreshed successfully (expires in 86400s)
2025-09-28 07:59:51,892 [INFO] __main__: Retrieved 10 datastores
2025-09-28 07:59:51,892 [INFO] __main__: Checked 10 datastores, sent 0 alerts
2025-09-28 08:59:51,955 [WARNING] __main__: 401 error, will retry with fresh token
2025-09-28 08:59:51,955 [INFO] __main__: Refreshing token (attempt 1)
2025-09-28 08:59:52,239 [INFO] __main__: Token refreshed successfully (expires in 86400s)
2025-09-28 08:59:52,278 [INFO] __main__: Retrieved 10 datastores
2025-09-28 08:59:53,445 [INFO] __main__: Checked 10 datastores, sent 4 alerts
2025-09-28 09:59:53,589 [WARNING] __main__: 401 error, will retry with fresh token
2025-09-28 09:59:53,589 [INFO] __main__: Refreshing token (attempt 1)
2025-09-28 09:59:53,844 [INFO] __main__: Token refreshed successfully (expires in 86400s)
2025-09-28 09:59:53,886 [INFO] __main__: Retrieved 10 datastores
2025-09-28 09:59:53,886 [INFO] __main__: Checked 10 datastores, sent 0 alerts
2025-09-28 09:59:53,937 [INFO] __main__: Retrieved 10 datastores
2025-09-28 09:59:54,341 [INFO] __main__: Daily report sent
2025-09-28 10:59:54,492 [WARNING] __main__: 401 error, will retry with fresh token
2025-09-28 10:59:54,492 [INFO] __main__: Refreshing token (attempt 1)
2025-09-28 10:59:54,757 [INFO] __main__: Token refreshed successfully (expires in 86400s)
2025-09-28 10:59:54,808 [INFO] __main__: Retrieved 10 datastores
2025-09-28 10:59:56,008 [INFO] __main__: Checked 10 datastores, sent 4 alerts
2025-09-28 11:59:56,102 [WARNING] __main__: 401 error, will retry with fresh token
2025-09-28 11:59:56,102 [INFO] __main__: Refreshing token (attempt 1)
2025-09-28 11:59:56,351 [INFO] __main__: Token refreshed successfully (expires in 86400s)
2025-09-28 11:59:56,397 [INFO] __main__: Retrieved 10 datastores
2025-09-28 11:59:56,398 [INFO] __main__: Checked 10 datastores, sent 0 alerts
2025-09-28 12:59:56,546 [WARNING] __main__: 401 error, will retry with fresh token
2025-09-28 12:59:56,546 [INFO] __main__: Refreshing token (attempt 1)
2025-09-28 12:59:56,954 [INFO] __main__: Token refreshed successfully (expires in 86400s)
2025-09-28 12:59:56,998 [INFO] __main__: Retrieved 10 datastores
2025-09-28 12:59:58,286 [INFO] __main__: Checked 10 datastores, sent 4 alerts
2025-09-28 13:59:58,387 [WARNING] __main__: 401 error, will retry with fresh token
2025-09-28 13:59:58,387 [INFO] __main__: Refreshing token (attempt 1)
2025-09-28 13:59:58,648 [INFO] __main__: Token refreshed successfully (expires in 86400s)
2025-09-28 13:59:58,702 [INFO] __main__: Retrieved 10 datastores
2025-09-28 13:59:58,703 [INFO] __main__: Checked 10 datastores, sent 0 alerts
2025-09-28 14:59:58,788 [WARNING] __main__: 401 error, will retry with fresh token
2025-09-28 14:59:58,789 [INFO] __main__: Refreshing token (attempt 1)
2025-09-28 14:59:59,054 [INFO] __main__: Token refreshed successfully (expires in 86400s)
2025-09-28 14:59:59,106 [INFO] __main__: Retrieved 10 datastores
2025-09-28 15:00:00,741 [INFO] __main__: Checked 10 datastores, sent 4 alerts
2025-09-28 16:00:00,853 [WARNING] __main__: 401 error, will retry with fresh token
2025-09-28 16:00:00,854 [INFO] __main__: Refreshing token (attempt 1)
2025-09-28 16:00:01,154 [INFO] __main__: Token refreshed successfully (expires in 86400s)
2025-09-28 16:00:01,201 [INFO] __main__: Retrieved 10 datastores
2025-09-28 16:00:01,201 [INFO] __main__: Checked 10 datastores, sent 0 alerts
2025-09-28 17:00:01,347 [WARNING] __main__: 401 error, will retry with fresh token
2025-09-28 17:00:01,347 [INFO] __main__: Refreshing token (attempt 1)
2025-09-28 17:00:01,625 [INFO] __main__: Token refreshed successfully (expires in 86400s)
2025-09-28 17:00:01,659 [INFO] __main__: Retrieved 10 datastores
2025-09-28 17:00:03,462 [INFO] __main__: Checked 10 datastores, sent 4 alerts
2025-09-28 18:00:03,557 [WARNING] __main__: 401 error, will retry with fresh token
2025-09-28 18:00:03,557 [INFO] __main__: Refreshing token (attempt 1)
2025-09-28 18:00:03,843 [INFO] __main__: Token refreshed successfully (expires in 86400s)
2025-09-28 18:00:03,903 [INFO] __main__: Retrieved 10 datastores
2025-09-28 18:00:03,904 [INFO] __main__: Checked 10 datastores, sent 0 alerts
2025-09-28 19:00:04,010 [WARNING] __main__: 401 error, will retry with fresh token
2025-09-28 19:00:04,011 [INFO] __main__: Refreshing token (attempt 1)
2025-09-28 19:00:04,268 [INFO] __main__: Token refreshed successfully (expires in 86400s)
2025-09-28 19:00:04,315 [INFO] __main__: Retrieved 10 datastores
2025-09-28 19:00:05,564 [INFO] __main__: Checked 10 datastores, sent 4 alerts
2025-09-28 20:00:05,684 [WARNING] __main__: 401 error, will retry with fresh token
2025-09-28 20:00:05,685 [INFO] __main__: Refreshing token (attempt 1)
2025-09-28 20:00:06,322 [INFO] __main__: Token refreshed successfully (expires in 86400s)
2025-09-28 20:00:06,361 [INFO] __main__: Retrieved 10 datastores
2025-09-28 20:00:06,362 [INFO] __main__: Checked 10 datastores, sent 0 alerts
2025-09-28 21:00:06,509 [WARNING] __main__: 401 error, will retry with fresh token
2025-09-28 21:00:06,510 [INFO] __main__: Refreshing token (attempt 1)
2025-09-28 21:00:06,756 [INFO] __main__: Token refreshed successfully (expires in 86400s)
2025-09-28 21:00:06,795 [INFO] __main__: Retrieved 10 datastores
2025-09-28 21:00:08,027 [INFO] __main__: Checked 10 datastores, sent 4 alerts
2025-09-28 22:00:08,176 [WARNING] __main__: 401 error, will retry with fresh token
2025-09-28 22:00:08,176 [INFO] __main__: Refreshing token (attempt 1)
2025-09-28 22:00:08,594 [INFO] __main__: Token refreshed successfully (expires in 86400s)
2025-09-28 22:00:08,631 [INFO] __main__: Retrieved 10 datastores
2025-09-28 22:00:08,631 [INFO] __main__: Checked 10 datastores, sent 0 alerts
2025-09-28 23:00:08,775 [WARNING] __main__: 401 error, will retry with fresh token
2025-09-28 23:00:08,775 [INFO] __main__: Refreshing token (attempt 1)
2025-09-28 23:00:09,011 [INFO] __main__: Token refreshed successfully (expires in 86400s)
2025-09-28 23:00:09,050 [INFO] __main__: Retrieved 10 datastores
2025-09-28 23:00:10,703 [INFO] __main__: Checked 10 datastores, sent 4 alerts
2025-09-29 00:00:10,859 [WARNING] __main__: 401 error, will retry with fresh token
2025-09-29 00:00:10,859 [INFO] __main__: Refreshing token (attempt 1)
2025-09-29 00:00:11,098 [INFO] __main__: Token refreshed successfully (expires in 86400s)
2025-09-29 00:00:11,142 [INFO] __main__: Retrieved 10 datastores
2025-09-29 00:00:11,142 [INFO] __main__: Checked 10 datastores, sent 0 alerts
2025-09-29 01:00:11,256 [WARNING] __main__: 401 error, will retry with fresh token
2025-09-29 01:00:11,256 [INFO] __main__: Refreshing token (attempt 1)
2025-09-29 01:00:11,519 [INFO] __main__: Token refreshed successfully (expires in 86400s)
2025-09-29 01:00:11,567 [INFO] __main__: Retrieved 10 datastores
2025-09-29 01:00:12,993 [INFO] __main__: Checked 10 datastores, sent 4 alerts
2025-09-29 02:00:13,143 [WARNING] __main__: 401 error, will retry with fresh token
2025-09-29 02:00:13,144 [INFO] __main__: Refreshing token (attempt 1)
2025-09-29 02:00:13,400 [INFO] __main__: Token refreshed successfully (expires in 86400s)
2025-09-29 02:00:13,446 [INFO] __main__: Retrieved 10 datastores
2025-09-29 02:00:13,446 [INFO] __main__: Checked 10 datastores, sent 0 alerts
2025-09-29 03:00:14,063 [WARNING] __main__: 401 error, will retry with fresh token
2025-09-29 03:00:14,064 [INFO] __main__: Refreshing token (attempt 1)
2025-09-29 03:00:15,052 [INFO] __main__: Token refreshed successfully (expires in 86400s)
2025-09-29 03:00:15,139 [INFO] __main__: Retrieved 10 datastores
2025-09-29 03:00:16,357 [INFO] __main__: Checked 10 datastores, sent 4 alerts
2025-09-29 04:00:16,501 [WARNING] __main__: 401 error, will retry with fresh token
2025-09-29 04:00:16,502 [INFO] __main__: Refreshing token (attempt 1)
2025-09-29 04:00:17,343 [INFO] __main__: Token refreshed successfully (expires in 86400s)
2025-09-29 04:00:17,452 [INFO] __main__: Retrieved 10 datastores
2025-09-29 04:00:17,453 [INFO] __main__: Checked 10 datastores, sent 0 alerts
2025-09-29 05:00:17,514 [WARNING] __main__: 401 error, will retry with fresh token
2025-09-29 05:00:17,514 [INFO] __main__: Refreshing token (attempt 1)
2025-09-29 05:00:17,779 [INFO] __main__: Token refreshed successfully (expires in 86400s)
2025-09-29 05:00:17,814 [INFO] __main__: Retrieved 10 datastores
2025-09-29 05:00:18,976 [INFO] __main__: Checked 10 datastores, sent 4 alerts
2025-09-29 06:00:19,095 [WARNING] __main__: 401 error, will retry with fresh token
2025-09-29 06:00:19,096 [INFO] __main__: Refreshing token (attempt 1)
2025-09-29 06:00:19,346 [INFO] __main__: Token refreshed successfully (expires in 86400s)
2025-09-29 06:00:19,385 [INFO] __main__: Retrieved 10 datastores
2025-09-29 06:00:19,386 [INFO] __main__: Checked 10 datastores, sent 0 alerts
2025-09-29 07:00:19,525 [WARNING] __main__: 401 error, will retry with fresh token
2025-09-29 07:00:19,525 [INFO] __main__: Refreshing token (attempt 1)
2025-09-29 07:00:19,772 [INFO] __main__: Token refreshed successfully (expires in 86400s)
2025-09-29 07:00:19,818 [INFO] __main__: Retrieved 10 datastores
2025-09-29 07:00:21,067 [INFO] __main__: Checked 10 datastores, sent 4 alerts
2025-09-29 08:00:21,213 [WARNING] __main__: 401 error, will retry with fresh token
2025-09-29 08:00:21,214 [INFO] __main__: Refreshing token (attempt 1)
2025-09-29 08:00:21,465 [INFO] __main__: Token refreshed successfully (expires in 86400s)
2025-09-29 08:00:21,499 [INFO] __main__: Retrieved 10 datastores
2025-09-29 08:00:21,499 [INFO] __main__: Checked 10 datastores, sent 0 alerts
2025-09-29 09:00:21,646 [WARNING] __main__: 401 error, will retry with fresh token
2025-09-29 09:00:21,647 [INFO] __main__: Refreshing token (attempt 1)
2025-09-29 09:00:21,899 [INFO] __main__: Token refreshed successfully (expires in 86400s)
2025-09-29 09:00:21,934 [INFO] __main__: Retrieved 10 datastores
2025-09-29 09:00:23,130 [INFO] __main__: Checked 10 datastores, sent 4 alerts
2025-09-29 09:00:23,180 [INFO] __main__: Retrieved 10 datastores
2025-09-29 09:00:23,467 [INFO] __main__: Daily report sent
2025-09-29 10:00:23,592 [WARNING] __main__: 401 error, will retry with fresh token
2025-09-29 10:00:23,592 [INFO] __main__: Refreshing token (attempt 1)
2025-09-29 10:00:24,022 [INFO] __main__: Token refreshed successfully (expires in 86400s)
2025-09-29 10:00:24,058 [INFO] __main__: Retrieved 10 datastores
2025-09-29 10:00:25,276 [INFO] __main__: Checked 10 datastores, sent 4 alerts
2025-09-29 11:00:25,357 [WARNING] __main__: 401 error, will retry with fresh token
2025-09-29 11:00:25,358 [INFO] __main__: Refreshing token (attempt 1)
2025-09-29 11:00:25,617 [INFO] __main__: Token refreshed successfully (expires in 86400s)
2025-09-29 11:00:25,666 [INFO] __main__: Retrieved 10 datastores
2025-09-29 11:00:25,666 [INFO] __main__: Checked 10 datastores, sent 0 alerts
2025-09-29 12:00:25,745 [WARNING] __main__: 401 error, will retry with fresh token
2025-09-29 12:00:25,745 [INFO] __main__: Refreshing token (attempt 1)
2025-09-29 12:00:26,024 [INFO] __main__: Token refreshed successfully (expires in 86400s)
2025-09-29 12:00:26,070 [INFO] __main__: Retrieved 10 datastores
2025-09-29 12:00:27,521 [INFO] __main__: Checked 10 datastores, sent 4 alerts
2025-09-29 13:00:27,622 [WARNING] __main__: 401 error, will retry with fresh token
2025-09-29 13:00:27,622 [INFO] __main__: Refreshing token (attempt 1)
2025-09-29 13:00:27,853 [INFO] __main__: Token refreshed successfully (expires in 86400s)
2025-09-29 13:00:27,899 [INFO] __main__: Retrieved 10 datastores
2025-09-29 13:00:27,900 [INFO] __main__: Checked 10 datastores, sent 0 alerts
2025-09-29 14:00:28,051 [WARNING] __main__: 401 error, will retry with fresh token
2025-09-29 14:00:28,051 [INFO] __main__: Refreshing token (attempt 1)
2025-09-29 14:00:28,305 [INFO] __main__: Token refreshed successfully (expires in 86400s)
2025-09-29 14:00:28,617 [INFO] __main__: Retrieved 10 datastores
2025-09-29 14:00:30,071 [INFO] __main__: Checked 10 datastores, sent 4 alerts
2025-09-29 15:00:30,213 [WARNING] __main__: 401 error, will retry with fresh token
2025-09-29 15:00:30,213 [INFO] __main__: Refreshing token (attempt 1)
2025-09-29 15:00:30,615 [INFO] __main__: Token refreshed successfully (expires in 86400s)
2025-09-29 15:00:30,677 [INFO] __main__: Retrieved 10 datastores
2025-09-29 15:00:30,678 [INFO] __main__: Checked 10 datastores, sent 0 alerts
2025-09-29 16:00:30,782 [WARNING] __main__: 401 error, will retry with fresh token
2025-09-29 16:00:30,782 [INFO] __main__: Refreshing token (attempt 1)
2025-09-29 16:00:31,067 [INFO] __main__: Token refreshed successfully (expires in 86400s)
2025-09-29 16:00:31,120 [INFO] __main__: Retrieved 10 datastores
2025-09-29 16:00:32,290 [INFO] __main__: Checked 10 datastores, sent 4 alerts
2025-09-29 17:00:32,390 [WARNING] __main__: 401 error, will retry with fresh token
2025-09-29 17:00:32,391 [INFO] __main__: Refreshing token (attempt 1)
2025-09-29 17:00:32,727 [INFO] __main__: Token refreshed successfully (expires in 86400s)
2025-09-29 17:00:32,775 [INFO] __main__: Retrieved 10 datastores
2025-09-29 17:00:32,776 [INFO] __main__: Checked 10 datastores, sent 0 alerts
2025-09-29 18:00:32,901 [WARNING] __main__: 401 error, will retry with fresh token
2025-09-29 18:00:32,901 [INFO] __main__: Refreshing token (attempt 1)
2025-09-29 18:00:33,362 [INFO] __main__: Token refreshed successfully (expires in 86400s)
2025-09-29 18:00:33,398 [INFO] __main__: Retrieved 10 datastores
2025-09-29 18:00:34,634 [INFO] __main__: Checked 10 datastores, sent 4 alerts
2025-09-29 19:00:34,817 [WARNING] __main__: 401 error, will retry with fresh token
2025-09-29 19:00:34,817 [INFO] __main__: Refreshing token (attempt 1)
2025-09-29 19:00:35,080 [INFO] __main__: Token refreshed successfully (expires in 86400s)
2025-09-29 19:00:35,116 [INFO] __main__: Retrieved 10 datastores
2025-09-29 19:00:35,117 [INFO] __main__: Checked 10 datastores, sent 0 alerts
2025-09-29 20:00:36,023 [WARNING] __main__: 401 error, will retry with fresh token
2025-09-29 20:00:36,023 [INFO] __main__: Refreshing token (attempt 1)
2025-09-29 20:00:36,365 [INFO] __main__: Token refreshed successfully (expires in 86400s)
2025-09-29 20:00:36,406 [INFO] __main__: Retrieved 10 datastores
2025-09-29 20:00:37,723 [INFO] __main__: Checked 10 datastores, sent 4 alerts
2025-09-29 21:00:37,893 [WARNING] __main__: 401 error, will retry with fresh token
2025-09-29 21:00:37,893 [INFO] __main__: Refreshing token (attempt 1)
2025-09-29 21:00:38,727 [INFO] __main__: Token refreshed successfully (expires in 86400s)
2025-09-29 21:00:38,766 [INFO] __main__: Retrieved 10 datastores
2025-09-29 21:00:38,767 [INFO] __main__: Checked 10 datastores, sent 0 alerts
2025-09-29 22:00:38,942 [WARNING] __main__: 401 error, will retry with fresh token
2025-09-29 22:00:38,943 [INFO] __main__: Refreshing token (attempt 1)
2025-09-29 22:00:39,203 [INFO] __main__: Token refreshed successfully (expires in 86400s)
2025-09-29 22:00:39,256 [INFO] __main__: Retrieved 10 datastores
2025-09-29 22:00:40,793 [INFO] __main__: Checked 10 datastores, sent 4 alerts
2025-09-29 23:00:40,866 [WARNING] __main__: 401 error, will retry with fresh token
2025-09-29 23:00:40,867 [INFO] __main__: Refreshing token (attempt 1)
2025-09-29 23:00:41,134 [INFO] __main__: Token refreshed successfully (expires in 86400s)
2025-09-29 23:00:41,183 [INFO] __main__: Retrieved 10 datastores
2025-09-29 23:00:41,184 [INFO] __main__: Checked 10 datastores, sent 0 alerts
2025-09-30 00:00:41,347 [WARNING] __main__: 401 error, will retry with fresh token
2025-09-30 00:00:41,347 [INFO] __main__: Refreshing token (attempt 1)
2025-09-30 00:00:41,607 [INFO] __main__: Token refreshed successfully (expires in 86400s)
2025-09-30 00:00:41,642 [INFO] __main__: Retrieved 10 datastores
2025-09-30 00:00:43,422 [INFO] __main__: Checked 10 datastores, sent 4 alerts
2025-09-30 01:00:43,555 [WARNING] __main__: 401 error, will retry with fresh token
2025-09-30 01:00:43,555 [INFO] __main__: Refreshing token (attempt 1)
2025-09-30 01:00:43,823 [INFO] __main__: Token refreshed successfully (expires in 86400s)
2025-09-30 01:00:43,858 [INFO] __main__: Retrieved 10 datastores
2025-09-30 01:00:43,858 [INFO] __main__: Checked 10 datastores, sent 0 alerts
2025-09-30 02:00:43,951 [WARNING] __main__: 401 error, will retry with fresh token
2025-09-30 02:00:43,951 [INFO] __main__: Refreshing token (attempt 1)
2025-09-30 02:00:44,300 [INFO] __main__: Token refreshed successfully (expires in 86400s)
2025-09-30 02:00:44,335 [INFO] __main__: Retrieved 10 datastores
2025-09-30 02:00:45,569 [INFO] __main__: Checked 10 datastores, sent 4 alerts
2025-09-30 03:00:45,764 [WARNING] __main__: 401 error, will retry with fresh token
2025-09-30 03:00:45,764 [INFO] __main__: Refreshing token (attempt 1)
2025-09-30 03:00:45,993 [INFO] __main__: Token refreshed successfully (expires in 86400s)
2025-09-30 03:00:46,024 [INFO] __main__: Retrieved 10 datastores
2025-09-30 03:00:46,025 [INFO] __main__: Checked 10 datastores, sent 0 alerts
2025-09-30 04:00:46,122 [WARNING] __main__: 401 error, will retry with fresh token
2025-09-30 04:00:46,122 [INFO] __main__: Refreshing token (attempt 1)
2025-09-30 04:00:46,387 [INFO] __main__: Token refreshed successfully (expires in 86400s)
2025-09-30 04:00:46,421 [INFO] __main__: Retrieved 10 datastores
2025-09-30 04:00:47,508 [INFO] __main__: Checked 10 datastores, sent 4 alerts
2025-09-30 05:00:47,652 [WARNING] __main__: 401 error, will retry with fresh token
2025-09-30 05:00:47,652 [INFO] __main__: Refreshing token (attempt 1)
2025-09-30 05:00:47,882 [INFO] __main__: Token refreshed successfully (expires in 86400s)
2025-09-30 05:00:47,931 [INFO] __main__: Retrieved 10 datastores
2025-09-30 05:00:47,932 [INFO] __main__: Checked 10 datastores, sent 0 alerts
2025-09-30 06:00:48,075 [WARNING] __main__: 401 error, will retry with fresh token
2025-09-30 06:00:48,075 [INFO] __main__: Refreshing token (attempt 1)
2025-09-30 06:00:48,327 [INFO] __main__: Token refreshed successfully (expires in 86400s)
2025-09-30 06:00:48,373 [INFO] __main__: Retrieved 10 datastores
2025-09-30 06:00:49,591 [INFO] __main__: Checked 10 datastores, sent 4 alerts
2025-09-30 07:00:49,762 [WARNING] __main__: 401 error, will retry with fresh token
2025-09-30 07:00:49,762 [INFO] __main__: Refreshing token (attempt 1)
2025-09-30 07:00:50,042 [INFO] __main__: Token refreshed successfully (expires in 86400s)
2025-09-30 07:00:50,085 [INFO] __main__: Retrieved 10 datastores
2025-09-30 07:00:50,085 [INFO] __main__: Checked 10 datastores, sent 0 alerts
2025-09-30 08:00:50,228 [WARNING] __main__: 401 error, will retry with fresh token
2025-09-30 08:00:50,228 [INFO] __main__: Refreshing token (attempt 1)
2025-09-30 08:00:50,472 [INFO] __main__: Token refreshed successfully (expires in 86400s)
2025-09-30 08:00:50,515 [INFO] __main__: Retrieved 10 datastores
2025-09-30 08:00:51,685 [INFO] __main__: Checked 10 datastores, sent 4 alerts
2025-09-30 09:00:51,839 [WARNING] __main__: 401 error, will retry with fresh token
2025-09-30 09:00:51,840 [INFO] __main__: Refreshing token (attempt 1)
2025-09-30 09:00:52,201 [INFO] __main__: Token refreshed successfully (expires in 86400s)
2025-09-30 09:00:52,254 [INFO] __main__: Retrieved 10 datastores
2025-09-30 09:00:52,254 [INFO] __main__: Checked 10 datastores, sent 0 alerts
2025-09-30 09:00:52,297 [INFO] __main__: Retrieved 10 datastores
2025-09-30 09:00:52,641 [INFO] __main__: Daily report sent
2025-09-30 10:00:52,697 [WARNING] __main__: 401 error, will retry with fresh token
2025-09-30 10:00:52,698 [INFO] __main__: Refreshing token (attempt 1)
2025-09-30 10:00:53,024 [INFO] __main__: Token refreshed successfully (expires in 86400s)
2025-09-30 10:00:53,060 [INFO] __main__: Retrieved 10 datastores
2025-09-30 10:00:54,215 [INFO] __main__: Checked 10 datastores, sent 4 alerts
2025-09-30 11:00:54,328 [WARNING] __main__: 401 error, will retry with fresh token
2025-09-30 11:00:54,329 [INFO] __main__: Refreshing token (attempt 1)
2025-09-30 11:00:54,680 [INFO] __main__: Token refreshed successfully (expires in 86400s)
2025-09-30 11:00:54,725 [INFO] __main__: Retrieved 10 datastores
2025-09-30 11:00:54,726 [INFO] __main__: Checked 10 datastores, sent 0 alerts
2025-09-30 12:00:54,858 [WARNING] __main__: 401 error, will retry with fresh token
2025-09-30 12:00:54,859 [INFO] __main__: Refreshing token (attempt 1)
2025-09-30 12:00:55,102 [INFO] __main__: Token refreshed successfully (expires in 86400s)
2025-09-30 12:00:55,145 [INFO] __main__: Retrieved 10 datastores
2025-09-30 12:00:56,430 [INFO] __main__: Checked 10 datastores, sent 4 alerts
2025-09-30 13:00:56,537 [WARNING] __main__: 401 error, will retry with fresh token
2025-09-30 13:00:56,537 [INFO] __main__: Refreshing token (attempt 1)
2025-09-30 13:00:56,889 [INFO] __main__: Token refreshed successfully (expires in 86400s)
2025-09-30 13:00:56,934 [INFO] __main__: Retrieved 10 datastores
2025-09-30 13:00:56,935 [INFO] __main__: Checked 10 datastores, sent 0 alerts
2025-09-30 14:00:57,079 [WARNING] __main__: 401 error, will retry with fresh token
2025-09-30 14:00:57,079 [INFO] __main__: Refreshing token (attempt 1)
2025-09-30 14:00:57,341 [INFO] __main__: Token refreshed successfully (expires in 86400s)
2025-09-30 14:00:57,376 [INFO] __main__: Retrieved 10 datastores
2025-09-30 14:00:58,586 [INFO] __main__: Checked 10 datastores, sent 4 alerts
2025-09-30 15:00:58,693 [WARNING] __main__: 401 error, will retry with fresh token
2025-09-30 15:00:58,694 [INFO] __main__: Refreshing token (attempt 1)
2025-09-30 15:00:58,956 [INFO] __main__: Token refreshed successfully (expires in 86400s)
2025-09-30 15:00:59,001 [INFO] __main__: Retrieved 10 datastores
2025-09-30 15:00:59,001 [INFO] __main__: Checked 10 datastores, sent 0 alerts
2025-09-30 16:00:59,142 [WARNING] __main__: 401 error, will retry with fresh token
2025-09-30 16:00:59,142 [INFO] __main__: Refreshing token (attempt 1)
2025-09-30 16:00:59,475 [INFO] __main__: Token refreshed successfully (expires in 86400s)
2025-09-30 16:00:59,509 [INFO] __main__: Retrieved 10 datastores
2025-09-30 16:01:01,111 [INFO] __main__: Checked 10 datastores, sent 4 alerts
2025-09-30 17:01:01,264 [WARNING] __main__: 401 error, will retry with fresh token
2025-09-30 17:01:01,265 [INFO] __main__: Refreshing token (attempt 1)
2025-09-30 17:01:01,563 [INFO] __main__: Token refreshed successfully (expires in 86400s)
2025-09-30 17:01:01,600 [INFO] __main__: Retrieved 10 datastores
2025-09-30 17:01:01,601 [INFO] __main__: Checked 10 datastores, sent 0 alerts
2025-09-30 18:01:01,697 [WARNING] __main__: 401 error, will retry with fresh token
2025-09-30 18:01:01,697 [INFO] __main__: Refreshing token (attempt 1)
2025-09-30 18:01:01,942 [INFO] __main__: Token refreshed successfully (expires in 86400s)
2025-09-30 18:01:01,987 [INFO] __main__: Retrieved 10 datastores
2025-09-30 18:01:03,321 [INFO] __main__: Checked 10 datastores, sent 4 alerts
2025-09-30 19:01:03,468 [WARNING] __main__: 401 error, will retry with fresh token
2025-09-30 19:01:03,469 [INFO] __main__: Refreshing token (attempt 1)
2025-09-30 19:01:03,802 [INFO] __main__: Token refreshed successfully (expires in 86400s)
2025-09-30 19:01:03,840 [INFO] __main__: Retrieved 10 datastores
2025-09-30 19:01:03,840 [INFO] __main__: Checked 10 datastores, sent 0 alerts
2025-09-30 20:01:04,034 [WARNING] __main__: 401 error, will retry with fresh token
2025-09-30 20:01:04,034 [INFO] __main__: Refreshing token (attempt 1)
2025-09-30 20:01:04,636 [INFO] __main__: Token refreshed successfully (expires in 86400s)
2025-09-30 20:01:04,693 [INFO] __main__: Retrieved 10 datastores
2025-09-30 20:01:06,034 [INFO] __main__: Checked 10 datastores, sent 4 alerts
2025-09-30 21:01:06,179 [WARNING] __main__: 401 error, will retry with fresh token
2025-09-30 21:01:06,179 [INFO] __main__: Refreshing token (attempt 1)
2025-09-30 21:01:06,426 [INFO] __main__: Token refreshed successfully (expires in 86400s)
2025-09-30 21:01:06,463 [INFO] __main__: Retrieved 10 datastores
2025-09-30 21:01:06,463 [INFO] __main__: Checked 10 datastores, sent 0 alerts
2025-09-30 22:01:06,600 [WARNING] __main__: 401 error, will retry with fresh token
2025-09-30 22:01:06,600 [INFO] __main__: Refreshing token (attempt 1)
2025-09-30 22:01:07,245 [INFO] __main__: Token refreshed successfully (expires in 86400s)
2025-09-30 22:01:07,287 [INFO] __main__: Retrieved 10 datastores
2025-09-30 22:01:08,595 [INFO] __main__: Checked 10 datastores, sent 4 alerts
2025-09-30 23:01:08,747 [WARNING] __main__: 401 error, will retry with fresh token
2025-09-30 23:01:08,747 [INFO] __main__: Refreshing token (attempt 1)
2025-09-30 23:01:09,052 [INFO] __main__: Token refreshed successfully (expires in 86400s)
2025-09-30 23:01:09,112 [INFO] __main__: Retrieved 10 datastores
2025-09-30 23:01:09,113 [INFO] __main__: Checked 10 datastores, sent 0 alerts
2025-10-01 00:01:09,230 [WARNING] __main__: 401 error, will retry with fresh token
2025-10-01 00:01:09,230 [INFO] __main__: Refreshing token (attempt 1)
2025-10-01 00:01:09,527 [INFO] __main__: Token refreshed successfully (expires in 86400s)
2025-10-01 00:01:09,570 [INFO] __main__: Retrieved 10 datastores
2025-10-01 00:01:10,865 [INFO] __main__: Checked 10 datastores, sent 4 alerts
2025-10-01 01:01:10,905 [ERROR] __main__: API request failed (attempt 1): Cannot connect to host vcd02.t-cloud.kz:443 ssl:default [Connect call failed ('10.10.1.18', 443)]
2025-10-01 01:01:15,910 [INFO] __main__: Refreshing token (attempt 1)
2025-10-01 01:01:15,916 [WARNING] __main__: Token refresh attempt 1 failed: HTTPSConnectionPool(host='vcd02.t-cloud.kz', port=443): Max retries exceeded with url: /oauth/provider/token?grant_type=refresh_token&refresh_token=bdBTm6zUxZ08Kzl51JcHUdpXuQw6443t (Caused by NewConnectionError('<urllib3.connection.HTTPSConnection object at 0x740f622f8890>: Failed to establish a new connection: [Errno 111] Connection refused'))
2025-10-01 01:01:20,921 [INFO] __main__: Refreshing token (attempt 2)
2025-10-01 01:01:20,927 [WARNING] __main__: Token refresh attempt 2 failed: HTTPSConnectionPool(host='vcd02.t-cloud.kz', port=443): Max retries exceeded with url: /oauth/provider/token?grant_type=refresh_token&refresh_token=bdBTm6zUxZ08Kzl51JcHUdpXuQw6443t (Caused by NewConnectionError('<urllib3.connection.HTTPSConnection object at 0x740f622f88f0>: Failed to establish a new connection: [Errno 111] Connection refused'))
2025-10-01 01:01:25,929 [INFO] __main__: Refreshing token (attempt 3)
2025-10-01 01:01:25,934 [WARNING] __main__: Token refresh attempt 3 failed: HTTPSConnectionPool(host='vcd02.t-cloud.kz', port=443): Max retries exceeded with url: /oauth/provider/token?grant_type=refresh_token&refresh_token=bdBTm6zUxZ08Kzl51JcHUdpXuQw6443t (Caused by NewConnectionError('<urllib3.connection.HTTPSConnection object at 0x740f622f9a60>: Failed to establish a new connection: [Errno 111] Connection refused'))
2025-10-01 01:01:25,935 [ERROR] __main__: Error in datastore check: HTTPSConnectionPool(host='vcd02.t-cloud.kz', port=443): Max retries exceeded with url: /oauth/provider/token?grant_type=refresh_token&refresh_token=bdBTm6zUxZ08Kzl51JcHUdpXuQw6443t (Caused by NewConnectionError('<urllib3.connection.HTTPSConnection object at 0x740f622f9a60>: Failed to establish a new connection: [Errno 111] Connection refused'))
2025-10-01 02:01:26,068 [WARNING] __main__: 401 error, will retry with fresh token
2025-10-01 02:01:26,068 [INFO] __main__: Refreshing token (attempt 1)
2025-10-01 02:01:26,469 [INFO] __main__: Token refreshed successfully (expires in 86400s)
2025-10-01 02:01:26,560 [INFO] __main__: Retrieved 10 datastores
2025-10-01 02:01:27,867 [INFO] __main__: Checked 10 datastores, sent 4 alerts
2025-10-01 03:01:27,998 [WARNING] __main__: 401 error, will retry with fresh token
2025-10-01 03:01:27,998 [INFO] __main__: Refreshing token (attempt 1)
2025-10-01 03:01:29,407 [INFO] __main__: Token refreshed successfully (expires in 86400s)
2025-10-01 03:01:29,469 [INFO] __main__: Retrieved 10 datastores
2025-10-01 03:01:29,469 [INFO] __main__: Checked 10 datastores, sent 0 alerts
2025-10-01 04:01:29,544 [WARNING] __main__: 401 error, will retry with fresh token
2025-10-01 04:01:29,544 [INFO] __main__: Refreshing token (attempt 1)
2025-10-01 04:01:29,855 [INFO] __main__: Token refreshed successfully (expires in 86400s)
2025-10-01 04:01:29,916 [INFO] __main__: Retrieved 10 datastores
2025-10-01 04:01:31,090 [INFO] __main__: Checked 10 datastores, sent 4 alerts
2025-10-01 05:01:31,228 [WARNING] __main__: 401 error, will retry with fresh token
2025-10-01 05:01:31,228 [INFO] __main__: Refreshing token (attempt 1)
2025-10-01 05:01:31,538 [INFO] __main__: Token refreshed successfully (expires in 86400s)
2025-10-01 05:01:31,599 [INFO] __main__: Retrieved 10 datastores
2025-10-01 05:01:31,599 [INFO] __main__: Checked 10 datastores, sent 0 alerts
2025-10-01 06:01:31,731 [WARNING] __main__: 401 error, will retry with fresh token
2025-10-01 06:01:31,732 [INFO] __main__: Refreshing token (attempt 1)
2025-10-01 06:01:32,031 [INFO] __main__: Token refreshed successfully (expires in 86400s)
2025-10-01 06:01:32,101 [INFO] __main__: Retrieved 10 datastores
2025-10-01 06:01:33,469 [INFO] __main__: Checked 10 datastores, sent 4 alerts
